
Showing logs for build [32mcb-kubecd-bdd-gh-1582022896-pr-bl627-1[0m stage [32mfrom-build-pack[0m and container [32mstep-credential-initializer-hrj74[0m
{"level":"warn","ts":1582024197.7500124,"logger":"fallback-logger","caller":"logging/config.go:69","msg":"Fetch GitHub commit ID from kodata failed: \"ref: refs/heads/0.8.0-**-support-backwards-incompats\" is not a valid GitHub commit ID"}
{"level":"info","ts":1582024197.7505238,"logger":"fallback-logger","caller":"creds-init/main.go:40","msg":"Credentials initialized."}

Showing logs for build [32mcb-kubecd-bdd-gh-1582022896-pr-bl627-1[0m stage [32mfrom-build-pack[0m and container [32mstep-working-dir-initializer-v8nq2[0m
{"level":"warn","ts":1582024199.3898988,"logger":"fallback-logger","caller":"logging/config.go:69","msg":"Fetch GitHub commit ID from kodata failed: open /var/run/ko/HEAD: no such file or directory"}
{"level":"info","ts":1582024199.3942113,"logger":"fallback-logger","caller":"bash/main.go:64","msg":"Successfully executed command \"sh -c mkdir -p /workspace/source\"; output "}

Showing logs for build [32mcb-kubecd-bdd-gh-1582022896-pr-bl627-1[0m stage [32mfrom-build-pack[0m and container [32mstep-place-tools[0m

Showing logs for build [32mcb-kubecd-bdd-gh-1582022896-pr-bl627-1[0m stage [32mfrom-build-pack[0m and container [32mstep-git-source-cb-kubecd-bdd-gh-1582022896-pr-bl627-7zb6s[0m
{"level":"warn","ts":1582024206.75221,"logger":"fallback-logger","caller":"logging/config.go:69","msg":"Fetch GitHub commit ID from kodata failed: \"ref: refs/heads/0.8.0-**-support-backwards-incompats\" is not a valid GitHub commit ID"}
{"level":"info","ts":1582024207.9467695,"logger":"fallback-logger","caller":"git/git.go:103","msg":"Successfully cloned https://github.com/cb-kubecd/bdd-gh-1582022896.git @ master in path /workspace/source"}

Showing logs for build [32mcb-kubecd-bdd-gh-1582022896-pr-bl627-1[0m stage [32mfrom-build-pack[0m and container [32mstep-git-merge[0m
Using SHAs from PULL_REFS=master:594d9c6f3dbd232c71c1f8b6295eb8c93a13a540,1:e88d9db2f25ad1da53e9514afb0fdc4f06eb474c
DEBUG: LC_ALL=C JX_LOG_LEVEL=error git fetch origin --unshallow e88d9db2f25ad1da53e9514afb0fdc4f06eb474c: 594d9c6f3dbd232c71c1f8b6295eb8c93a13a540:
DEBUG: ran git fetch --unshallow origin e88d9db2f25ad1da53e9514afb0fdc4f06eb474c: 594d9c6f3dbd232c71c1f8b6295eb8c93a13a540: in 
DEBUG: LC_ALL=C JX_LOG_LEVEL=error git branch
DEBUG: LC_ALL=C JX_LOG_LEVEL=error git checkout master
DEBUG: ran git checkout master in 
DEBUG: LC_ALL=C JX_LOG_LEVEL=error git reset --hard 594d9c6f3dbd232c71c1f8b6295eb8c93a13a540
DEBUG: ran git reset --hard 594d9c6f3dbd232c71c1f8b6295eb8c93a13a540 in 
DEBUG: LC_ALL=C JX_LOG_LEVEL=error git clean -fd .
DEBUG: ran clean --force -d . in 
DEBUG: LC_ALL=C JX_LOG_LEVEL=error git merge e88d9db2f25ad1da53e9514afb0fdc4f06eb474c
DEBUG: ran git merge e88d9db2f25ad1da53e9514afb0fdc4f06eb474c in 
DEBUG: LC_ALL=C JX_LOG_LEVEL=error git log --format=%H%x1f%an%x1f%ae%x1f%cn%x1f%ce%x1f%s%n%b%x1e 594d9c6f3dbd232c71c1f8b6295eb8c93a13a540..HEAD
Merged SHA e88d9db2f25ad1da53e9514afb0fdc4f06eb474c with commit message 'My first PR commit' into base branch master

Showing logs for build [32mcb-kubecd-bdd-gh-1582022896-pr-bl627-1[0m stage [32mfrom-build-pack[0m and container [32mstep-build-make-linux[0m
CGO_ENABLED=0 GOOS=linux GOARCH=amd64 GO15VENDOREXPERIMENT=1 go build -ldflags '' -o bin/bdd-gh-1582022896 main.go

Showing logs for build [32mcb-kubecd-bdd-gh-1582022896-pr-bl627-1[0m stage [32mfrom-build-pack[0m and container [32mstep-build-container-build[0m
[36mINFO[0m[0000] No base image, nothing to extract            
[36mINFO[0m[0000] cmd: EXPOSE                                  
[36mINFO[0m[0000] Adding exposed port: 8080/tcp                
[36mINFO[0m[0000] Using files from context: [/workspace/source/bin] 
[36mINFO[0m[0000] Skipping unpacking as no commands require it. 
[36mINFO[0m[0000] Taking snapshot of full filesystem...        
[36mINFO[0m[0000] EXPOSE 8080                                  
[36mINFO[0m[0000] cmd: EXPOSE                                  
[36mINFO[0m[0000] Adding exposed port: 8080/tcp                
[36mINFO[0m[0000] No files changed in this command, skipping snapshotting. 
[36mINFO[0m[0000] ENTRYPOINT ["/bdd-gh-1582022896"]            
[36mINFO[0m[0000] No files changed in this command, skipping snapshotting. 
[36mINFO[0m[0000] Using files from context: [/workspace/source/bin] 
[36mINFO[0m[0000] COPY ./bin/ /                                
[36mINFO[0m[0000] Taking snapshot of files...                  
2020/02/18 11:10:25 pushed blob: sha256:19addf0c86fe14c829028460512928e008adc1e075768f7f797db00c34ba6971
2020/02/18 11:10:26 pushed blob: sha256:3eead31a8d2614e25dad62a621981383b06f616379b8782d3514e3dcb62efe8f
2020/02/18 11:10:27 gcr.io/jenkins-x-bdd3/bdd-gh-1582022896:0.0.0-SNAPSHOT-PR-1-1: digest: sha256:e74761ace5711e8bdd0f01dcd01021f52adb4aba5d242aaea0d1fe5980a25279 size: 428

Showing logs for build [32mcb-kubecd-bdd-gh-1582022896-pr-bl627-1[0m stage [32mfrom-build-pack[0m and container [32mstep-postbuild-post-build[0m
no CVE provider running in the current ** namespace so skip adding image to be analysed

Showing logs for build [32mcb-kubecd-bdd-gh-1582022896-pr-bl627-1[0m stage [32mfrom-build-pack[0m and container [32mstep-promote-make-preview[0m
sed -i -e "s/version:.*/version: 0.0.0-SNAPSHOT-PR-1-1/" Chart.yaml
sed -i -e "s/version:.*/version: 0.0.0-SNAPSHOT-PR-1-1/" ../*/Chart.yaml
sed -i -e "s|repository:.*|repository: gcr.io\/jenkins-x-bdd3\/bdd-gh-1582022896|" values.yaml
sed -i -e "s/tag:.*/tag: 0.0.0-SNAPSHOT-PR-1-1/" values.yaml
echo "  version: 0.0.0-SNAPSHOT-PR-1-1" >> requirements.yaml
** step helm build
WARNING: No $CHART_REPOSITORY defined so using the default value of: http://jenkins-x-chartmuseum:8080
Adding missing Helm repo: storage.googleapis.com https://storage.googleapis.com/chartmuseum.jenkins-x.io
WARNING: No secrets found on "helm/repos" due: reading the secret "helm/repos" from vault: no secret "helm/repos" not found in vault
Read credentials for https://storage.googleapis.com/chartmuseum.jenkins-x.io from vault helm/repos
Successfully added Helm repository storage.googleapis.com.
Adding missing Helm repo: jenkins-x-chartmuseum http://jenkins-x-chartmuseum:8080
WARNING: No secrets found on "helm/repos" due: reading the secret "helm/repos" from vault: no secret "helm/repos" not found in vault
Read credentials for http://jenkins-x-chartmuseum:8080 from vault helm/repos
Successfully added Helm repository jenkins-x-chartmuseum.
WARNING: No $CHART_REPOSITORY defined so using the default value of: http://jenkins-x-chartmuseum:8080
Adding missing Helm repo: chartmuseum.jenkins-x.io http://chartmuseum.jenkins-x.io
WARNING: No secrets found on "helm/repos" due: reading the secret "helm/repos" from vault: no secret "helm/repos" not found in vault
Read credentials for http://chartmuseum.jenkins-x.io from vault helm/repos
Successfully added Helm repository chartmuseum.jenkins-x.io.

Showing logs for build [32mcb-kubecd-bdd-gh-1582022896-pr-bl627-1[0m stage [32mfrom-build-pack[0m and container [32mstep-promote-jx-preview[0m
Creating a preview
Created environment cb-kubecd-bdd-gh-1582022896-pr-1
Namespace **-cb-kubecd-bdd-gh-1582022896-pr-1 created 
expose:
  Annotations:
    helm.sh/hook: post-install,post-upgrade
    helm.sh/hook-delete-policy: hook-succeeded
  config:
    domain: 35.241.181.23.nip.io
    exposer: Ingress
    http: "true"
preview:
  image:
    repository: gcr.io/jenkins-x-bdd3/bdd-gh-1582022896
    tag: 0.0.0-SNAPSHOT-PR-1-1

Updating PipelineActivities cb-kubecd-bdd-gh-1582022896-pr-1-1 which has status Running
WARNING: preview application http://bdd-gh-1582022896.**-cb-kubecd-bdd-gh-1582022896-pr-1.35.241.181.23.nip.io not available, error was 503 503 Service Temporarily Unavailable, delaying for: 1.229180727s
WARNING: preview application http://bdd-gh-1582022896.**-cb-kubecd-bdd-gh-1582022896-pr-1.35.241.181.23.nip.io not available, error was 503 503 Service Temporarily Unavailable, delaying for: 1.854102902s
WARNING: preview application http://bdd-gh-1582022896.**-cb-kubecd-bdd-gh-1582022896-pr-1.35.241.181.23.nip.io not available, error was 503 503 Service Temporarily Unavailable, delaying for: 2.48395073s
WARNING: preview application http://bdd-gh-1582022896.**-cb-kubecd-bdd-gh-1582022896-pr-1.35.241.181.23.nip.io not available, error was 503 503 Service Temporarily Unavailable, delaying for: 1.693925643s
Preview application is now available at: http://bdd-gh-1582022896.**-cb-kubecd-bdd-gh-1582022896-pr-1.35.241.181.23.nip.io
